<?xml version="1.0" encoding="UTF-8"?>
<coverage generated="1505374376607" clover="3.2.0">
  <project timestamp="1505374376608" name="All files">
    <metrics statements="26" coveredstatements="26" conditionals="25" coveredconditionals="19" methods="16" coveredmethods="16" elements="67" coveredelements="61" complexity="0" loc="26" ncloc="26" packages="3" files="3" classes="3">
      <package name="actions">
        <metrics statements="8" coveredstatements="8" conditionals="8" coveredconditionals="3" methods="7" coveredmethods="7"/>
        <file name="index.js" path="/home/nojsja/github/work/react-test/todomvc/actions/index.js">
          <metrics statements="8" coveredstatements="8" conditionals="8" coveredconditionals="3" methods="7" coveredmethods="7"/>
          <line num="1" count="1" type="stmt"/>
          <line num="3" count="1" type="stmt"/>
          <line num="7" count="1" type="stmt"/>
          <line num="11" count="1" type="stmt"/>
          <line num="15" count="1" type="stmt"/>
          <line num="19" count="1" type="stmt"/>
          <line num="23" count="1" type="cond" truecount="3" falsecount="5"/>
          <line num="24" count="1" type="stmt"/>
        </file>
      </package>
      <package name="constants">
        <metrics statements="6" coveredstatements="6" conditionals="0" coveredconditionals="0" methods="0" coveredmethods="0"/>
        <file name="ActionTypes.js" path="/home/nojsja/github/work/react-test/todomvc/constants/ActionTypes.js">
          <metrics statements="6" coveredstatements="6" conditionals="0" coveredconditionals="0" methods="0" coveredmethods="0"/>
          <line num="1" count="2" type="stmt"/>
          <line num="2" count="2" type="stmt"/>
          <line num="3" count="2" type="stmt"/>
          <line num="4" count="2" type="stmt"/>
          <line num="5" count="2" type="stmt"/>
          <line num="6" count="2" type="stmt"/>
        </file>
      </package>
      <package name="reducers">
        <metrics statements="12" coveredstatements="12" conditionals="17" coveredconditionals="16" methods="9" coveredmethods="9"/>
        <file name="todos.js" path="/home/nojsja/github/work/react-test/todomvc/reducers/todos.js">
          <metrics statements="12" coveredstatements="12" conditionals="17" coveredconditionals="16" methods="9" coveredmethods="9"/>
          <line num="1" count="1" type="stmt"/>
          <line num="15" count="4" type="cond" truecount="1" falsecount="1"/>
          <line num="16" count="13" type="cond" truecount="11" falsecount="0"/>
          <line num="18" count="4" type="stmt"/>
          <line num="20" count="4" type="stmt"/>
          <line num="28" count="2" type="stmt"/>
          <line num="33" count="2" type="stmt"/>
          <line num="40" count="4" type="stmt"/>
          <line num="47" count="4" type="stmt"/>
          <line num="48" count="4" type="stmt"/>
          <line num="54" count="4" type="stmt"/>
          <line num="57" count="1" type="stmt"/>
        </file>
      </package>
    </metrics>
  </project>
</coverage>
