{"/home/nojsja/github/work/react-test/todomvc/actions/index.js": {"path":"/home/nojsja/github/work/react-test/todomvc/actions/index.js","statementMap":{"0":{"start":{"line":1,"column":13},"end":{"line":1,"column":75}},"1":{"start":{"line":1,"column":75},"end":{"line":3,"column":18}},"2":{"start":{"line":3,"column":18},"end":{"line":7,"column":24}},"3":{"start":{"line":7,"column":24},"end":{"line":11,"column":20}},"4":{"start":{"line":11,"column":20},"end":{"line":15,"column":28}},"5":{"start":{"line":15,"column":28},"end":{"line":19,"column":26}},"6":{"start":{"line":19,"column":26},"end":{"line":23,"column":32}},"7":{"start":{"line":23,"column":51},"end":{"line":23,"column":86}},"8":{"start":{"line":23,"column":99},"end":{"line":23,"column":136}},"9":{"start":{"line":23,"column":176},"end":{"line":23,"column":392}},"10":{"start":{"line":23,"column":204},"end":{"line":23,"column":215}},"11":{"start":{"line":23,"column":236},"end":{"line":23,"column":238}},"12":{"start":{"line":23,"column":239},"end":{"line":23,"column":356}},"13":{"start":{"line":23,"column":257},"end":{"line":23,"column":355}},"14":{"start":{"line":23,"column":279},"end":{"line":23,"column":354}},"15":{"start":{"line":23,"column":331},"end":{"line":23,"column":354}},"16":{"start":{"line":23,"column":356},"end":{"line":23,"column":377}},"17":{"start":{"line":23,"column":377},"end":{"line":23,"column":391}},"18":{"start":{"line":23,"column":417},"end":{"line":23,"column":461}},"19":{"start":{"line":23,"column":487},"end":{"line":23,"column":530}},"20":{"start":{"line":23,"column":560},"end":{"line":23,"column":613}},"21":{"start":{"line":23,"column":641},"end":{"line":23,"column":686}},"22":{"start":{"line":23,"column":711},"end":{"line":23,"column":747}},"23":{"start":{"line":24,"column":2},"end":{"line":24,"column":41}}},"fnMap":{"0":{"name":"_interopRequireWildcard","decl":{"start":{"line":23,"column":146},"end":{"line":23,"column":169}},"loc":{"start":{"line":23,"column":175},"end":{"line":23,"column":393}},"line":23},"1":{"name":"addTodo","decl":{"start":{"line":23,"column":402},"end":{"line":23,"column":409}},"loc":{"start":{"line":23,"column":416},"end":{"line":23,"column":462}},"line":23},"2":{"name":"deleteTodo","decl":{"start":{"line":23,"column":471},"end":{"line":23,"column":481}},"loc":{"start":{"line":23,"column":486},"end":{"line":23,"column":531}},"line":23},"3":{"name":"editTodo","decl":{"start":{"line":23,"column":540},"end":{"line":23,"column":548}},"loc":{"start":{"line":23,"column":559},"end":{"line":23,"column":614}},"line":23},"4":{"name":"completeTodo","decl":{"start":{"line":23,"column":623},"end":{"line":23,"column":635}},"loc":{"start":{"line":23,"column":640},"end":{"line":23,"column":687}},"line":23},"5":{"name":"completeAll","decl":{"start":{"line":23,"column":696},"end":{"line":23,"column":707}},"loc":{"start":{"line":23,"column":710},"end":{"line":23,"column":748}},"line":23},"6":{"name":"clearCompleted","decl":{"start":{"line":23,"column":757},"end":{"line":23,"column":771}},"loc":{"start":{"line":23,"column":774},"end":{"line":25,"column":1}},"line":23}},"branchMap":{"0":{"loc":{"start":{"line":23,"column":176},"end":{"line":23,"column":392}},"type":"if","locations":[{"start":{"line":23,"column":176},"end":{"line":23,"column":392}},{"start":{"line":23,"column":176},"end":{"line":23,"column":392}}],"line":23},"1":{"loc":{"start":{"line":23,"column":180},"end":{"line":23,"column":201}},"type":"binary-expr","locations":[{"start":{"line":23,"column":180},"end":{"line":23,"column":183}},{"start":{"line":23,"column":187},"end":{"line":23,"column":201}}],"line":23},"2":{"loc":{"start":{"line":23,"column":239},"end":{"line":23,"column":356}},"type":"if","locations":[{"start":{"line":23,"column":239},"end":{"line":23,"column":356}},{"start":{"line":23,"column":239},"end":{"line":23,"column":356}}],"line":23},"3":{"loc":{"start":{"line":23,"column":279},"end":{"line":23,"column":354}},"type":"if","locations":[{"start":{"line":23,"column":279},"end":{"line":23,"column":354}},{"start":{"line":23,"column":279},"end":{"line":23,"column":354}}],"line":23}},"s":{"0":1,"1":1,"2":1,"3":1,"4":1,"5":1,"6":1,"7":1,"8":1,"9":1,"10":1,"11":0,"12":0,"13":0,"14":0,"15":0,"16":0,"17":0,"18":1,"19":1,"20":1,"21":1,"22":1,"23":1},"f":{"0":1,"1":1,"2":1,"3":1,"4":1,"5":1,"6":1},"b":{"0":[1,0],"1":[1,1],"2":[0,0],"3":[0,0]},"_coverageSchema":"332fd63041d2c1bcb487cc26dd0d5f7d97098a6c","hash":"4484bfb4a640e27f63d8ff59c0758c04a9647f76"}
,"/home/nojsja/github/work/react-test/todomvc/constants/ActionTypes.js": {"path":"/home/nojsja/github/work/react-test/todomvc/constants/ActionTypes.js","statementMap":{"0":{"start":{"line":1,"column":13},"end":{"line":1,"column":75}},"1":{"start":{"line":1,"column":90},"end":{"line":1,"column":119}},"2":{"start":{"line":2,"column":18},"end":{"line":2,"column":53}},"3":{"start":{"line":3,"column":16},"end":{"line":3,"column":47}},"4":{"start":{"line":4,"column":20},"end":{"line":4,"column":59}},"5":{"start":{"line":5,"column":19},"end":{"line":5,"column":56}},"6":{"start":{"line":6,"column":22},"end":{"line":6,"column":65}}},"fnMap":{},"branchMap":{},"s":{"0":2,"1":2,"2":2,"3":2,"4":2,"5":2,"6":2},"f":{},"b":{},"_coverageSchema":"332fd63041d2c1bcb487cc26dd0d5f7d97098a6c","hash":"5c80f671c1b7f3115e2a2eca944768c3f4ea8d88"}
,"/home/nojsja/github/work/react-test/todomvc/reducers/todos.js": {"path":"/home/nojsja/github/work/react-test/todomvc/reducers/todos.js","statementMap":{"0":{"start":{"line":1,"column":13},"end":{"line":1,"column":75}},"1":{"start":{"line":1,"column":75},"end":{"line":15,"column":6}},"2":{"start":{"line":15,"column":25},"end":{"line":15,"column":60}},"3":{"start":{"line":15,"column":95},"end":{"line":15,"column":246}},"4":{"start":{"line":15,"column":120},"end":{"line":15,"column":202}},"5":{"start":{"line":15,"column":184},"end":{"line":15,"column":201}},"6":{"start":{"line":15,"column":202},"end":{"line":15,"column":214}},"7":{"start":{"line":15,"column":222},"end":{"line":15,"column":245}},"8":{"start":{"line":15,"column":266},"end":{"line":15,"column":314}},"9":{"start":{"line":16,"column":30},"end":{"line":16,"column":110}},"10":{"start":{"line":16,"column":124},"end":{"line":16,"column":136}},"11":{"start":{"line":16,"column":137},"end":{"line":57,"column":20}},"12":{"start":{"line":18,"column":6},"end":{"line":24,"column":14}},"13":{"start":{"line":20,"column":49},"end":{"line":20,"column":81}},"14":{"start":{"line":28,"column":6},"end":{"line":29,"column":36}},"15":{"start":{"line":28,"column":43},"end":{"line":29,"column":33}},"16":{"start":{"line":33,"column":6},"end":{"line":36,"column":19}},"17":{"start":{"line":33,"column":40},"end":{"line":36,"column":16}},"18":{"start":{"line":40,"column":6},"end":{"line":43,"column":19}},"19":{"start":{"line":40,"column":40},"end":{"line":43,"column":16}},"20":{"start":{"line":47,"column":27},"end":{"line":47,"column":80}},"21":{"start":{"line":47,"column":56},"end":{"line":47,"column":78}},"22":{"start":{"line":48,"column":8},"end":{"line":49,"column":43}},"23":{"start":{"line":48,"column":42},"end":{"line":49,"column":40}},"24":{"start":{"line":54,"column":6},"end":{"line":54,"column":78}},"25":{"start":{"line":54,"column":43},"end":{"line":54,"column":75}},"26":{"start":{"line":57,"column":6},"end":{"line":57,"column":19}}},"fnMap":{"0":{"name":"_toConsumableArray","decl":{"start":{"line":15,"column":70},"end":{"line":15,"column":88}},"loc":{"start":{"line":15,"column":94},"end":{"line":15,"column":247}},"line":15},"1":{"name":"todos","decl":{"start":{"line":16,"column":9},"end":{"line":16,"column":14}},"loc":{"start":{"line":16,"column":17},"end":{"line":59,"column":1}},"line":16},"2":{"name":"(anonymous_2)","decl":{"start":{"line":20,"column":25},"end":{"line":20,"column":26}},"loc":{"start":{"line":20,"column":48},"end":{"line":20,"column":82}},"line":20},"3":{"name":"(anonymous_3)","decl":{"start":{"line":28,"column":26},"end":{"line":28,"column":27}},"loc":{"start":{"line":28,"column":42},"end":{"line":29,"column":34}},"line":28},"4":{"name":"(anonymous_4)","decl":{"start":{"line":33,"column":23},"end":{"line":33,"column":24}},"loc":{"start":{"line":33,"column":39},"end":{"line":36,"column":17}},"line":33},"5":{"name":"(anonymous_5)","decl":{"start":{"line":40,"column":23},"end":{"line":40,"column":24}},"loc":{"start":{"line":40,"column":39},"end":{"line":43,"column":17}},"line":40},"6":{"name":"(anonymous_6)","decl":{"start":{"line":47,"column":39},"end":{"line":47,"column":40}},"loc":{"start":{"line":47,"column":55},"end":{"line":47,"column":79}},"line":47},"7":{"name":"(anonymous_7)","decl":{"start":{"line":48,"column":25},"end":{"line":48,"column":26}},"loc":{"start":{"line":48,"column":41},"end":{"line":49,"column":41}},"line":48},"8":{"name":"(anonymous_8)","decl":{"start":{"line":54,"column":26},"end":{"line":54,"column":27}},"loc":{"start":{"line":54,"column":42},"end":{"line":54,"column":76}},"line":54}},"branchMap":{"0":{"loc":{"start":{"line":15,"column":95},"end":{"line":15,"column":246}},"type":"if","locations":[{"start":{"line":15,"column":95},"end":{"line":15,"column":246}},{"start":{"line":15,"column":95},"end":{"line":15,"column":246}}],"line":15},"1":{"loc":{"start":{"line":16,"column":30},"end":{"line":16,"column":110}},"type":"cond-expr","locations":[{"start":{"line":16,"column":83},"end":{"line":16,"column":95}},{"start":{"line":16,"column":98},"end":{"line":16,"column":110}}],"line":16},"2":{"loc":{"start":{"line":16,"column":30},"end":{"line":16,"column":80}},"type":"binary-expr","locations":[{"start":{"line":16,"column":30},"end":{"line":16,"column":50}},{"start":{"line":16,"column":54},"end":{"line":16,"column":80}}],"line":16},"3":{"loc":{"start":{"line":16,"column":137},"end":{"line":57,"column":20}},"type":"switch","locations":[{"start":{"line":17,"column":4},"end":{"line":24,"column":14}},{"start":{"line":27,"column":4},"end":{"line":29,"column":36}},{"start":{"line":32,"column":4},"end":{"line":36,"column":19}},{"start":{"line":39,"column":4},"end":{"line":43,"column":19}},{"start":{"line":46,"column":4},"end":{"line":51,"column":7}},{"start":{"line":53,"column":4},"end":{"line":54,"column":78}},{"start":{"line":56,"column":4},"end":{"line":57,"column":19}}],"line":16},"4":{"loc":{"start":{"line":34,"column":10},"end":{"line":36,"column":14}},"type":"cond-expr","locations":[{"start":{"line":35,"column":10},"end":{"line":35,"column":56}},{"start":{"line":36,"column":10},"end":{"line":36,"column":14}}],"line":34},"5":{"loc":{"start":{"line":41,"column":10},"end":{"line":43,"column":14}},"type":"cond-expr","locations":[{"start":{"line":42,"column":10},"end":{"line":42,"column":65}},{"start":{"line":43,"column":10},"end":{"line":43,"column":14}}],"line":41}},"s":{"0":1,"1":1,"2":1,"3":4,"4":4,"5":4,"6":4,"7":0,"8":1,"9":13,"10":13,"11":13,"12":4,"13":4,"14":1,"15":2,"16":1,"17":2,"18":2,"19":4,"20":2,"21":4,"22":2,"23":4,"24":2,"25":4,"26":1},"f":{"0":4,"1":13,"2":4,"3":2,"4":2,"5":4,"6":4,"7":4,"8":4},"b":{"0":[4,0],"1":[12,1],"2":[13,13],"3":[4,1,1,2,2,2,1],"4":[1,1],"5":[2,2]},"_coverageSchema":"332fd63041d2c1bcb487cc26dd0d5f7d97098a6c","hash":"cafce35c463d23ea76bfb98d7ce7f4de7a03db00"}
}
