TN:
SF:/home/nojsja/github/work/react-test/todomvc/actions/index.js
FN:23,_interopRequireWildcard
FN:23,addTodo
FN:23,deleteTodo
FN:23,editTodo
FN:23,completeTodo
FN:23,completeAll
FN:23,clearCompleted
FNF:7
FNH:7
FNDA:1,_interopRequireWildcard
FNDA:1,addTodo
FNDA:1,deleteTodo
FNDA:1,editTodo
FNDA:1,completeTodo
FNDA:1,completeAll
FNDA:1,clearCompleted
DA:1,1
DA:3,1
DA:7,1
DA:11,1
DA:15,1
DA:19,1
DA:23,1
DA:24,1
LF:8
LH:8
BRDA:23,0,0,1
BRDA:23,0,1,0
BRDA:23,1,0,1
BRDA:23,1,1,1
BRDA:23,2,0,0
BRDA:23,2,1,0
BRDA:23,3,0,0
BRDA:23,3,1,0
BRF:8
BRH:3
end_of_record
TN:
SF:/home/nojsja/github/work/react-test/todomvc/constants/ActionTypes.js
FNF:0
FNH:0
DA:1,2
DA:2,2
DA:3,2
DA:4,2
DA:5,2
DA:6,2
LF:6
LH:6
BRF:0
BRH:0
end_of_record
TN:
SF:/home/nojsja/github/work/react-test/todomvc/reducers/todos.js
FN:15,_toConsumableArray
FN:16,todos
FN:20,(anonymous_2)
FN:28,(anonymous_3)
FN:33,(anonymous_4)
FN:40,(anonymous_5)
FN:47,(anonymous_6)
FN:48,(anonymous_7)
FN:54,(anonymous_8)
FNF:9
FNH:9
FNDA:4,_toConsumableArray
FNDA:13,todos
FNDA:4,(anonymous_2)
FNDA:2,(anonymous_3)
FNDA:2,(anonymous_4)
FNDA:4,(anonymous_5)
FNDA:4,(anonymous_6)
FNDA:4,(anonymous_7)
FNDA:4,(anonymous_8)
DA:1,1
DA:15,4
DA:16,13
DA:18,4
DA:20,4
DA:28,2
DA:33,2
DA:40,4
DA:47,4
DA:48,4
DA:54,4
DA:57,1
LF:12
LH:12
BRDA:15,0,0,4
BRDA:15,0,1,0
BRDA:16,1,0,12
BRDA:16,1,1,1
BRDA:16,2,0,13
BRDA:16,2,1,13
BRDA:16,3,0,4
BRDA:16,3,1,1
BRDA:16,3,2,1
BRDA:16,3,3,2
BRDA:16,3,4,2
BRDA:16,3,5,2
BRDA:16,3,6,1
BRDA:34,4,0,1
BRDA:34,4,1,1
BRDA:41,5,0,2
BRDA:41,5,1,2
BRF:17
BRH:16
end_of_record
